#
# A fatal error has been detected by the Java Runtime Environment:
#
#  EXCEPTION_ACCESS_VIOLATION (0xc0000005) at pc=0x00007ffab0557cca, pid=30380, tid=30872
#
# JRE version: OpenJDK Runtime Environment Temurin-18.0.1+10 (18.0.1+10) (build 18.0.1+10)
# Java VM: OpenJDK 64-Bit Server VM Temurin-18.0.1+10 (18.0.1+10, mixed mode, tiered, compressed oops, compressed class ptrs, g1 gc, windows-amd64)
# Problematic frame:
# V  [jvm.dll+0x7b7cca]
#
# No core dump will be written. Minidumps are not enabled by default on client versions of Windows
#
# If you would like to submit a bug report, please visit:
#   https://github.com/adoptium/adoptium-support/issues
#

---------------  S U M M A R Y ------------

Command Line: -XX:+ShowCodeDetailsInExceptionMessages -agentlib:jdwp=transport=dt_socket,suspend=y,address=localhost:56048 -javaagent:C:\Users\lekan\eclipse\java-2022-03\eclipse\configuration\org.eclipse.osgi\225\0\.cp\lib\javaagent-shaded.jar -Dfile.encoding=UTF-8 myDS.myMaps.UsingMap

Host: 11th Gen Intel(R) Core(TM) i7-1165G7 @ 2.80GHz, 8 cores, 15G,  Windows 11 , 64 bit Build 22621 (10.0.22621.1635)
Time: Sun May 21 00:53:49 2023 Central Daylight Time elapsed time: 233.573917 seconds (0d 0h 3m 53s)

---------------  T H R E A D  ---------------

Current thread (0x0000022c6ae666d0):  JavaThread "JDWP Transport Listener: dt_socket" daemon [_thread_in_vm, id=30872, stack(0x0000007bd9000000,0x0000007bd9100000)]

Stack: [0x0000007bd9000000,0x0000007bd9100000],  sp=0x0000007bd90ff2a0,  free space=1020k
Native frames: (J=compiled Java code, j=interpreted, Vv=VM code, C=native code)
V  [jvm.dll+0x7b7cca]
V  [jvm.dll+0x52ee8c]
V  [jvm.dll+0x4fc88b]
C  [jdwp.dll+0x22fe7]


siginfo: EXCEPTION_ACCESS_VIOLATION (0xc0000005), reading address 0x00000000008c000e


Register to memory mapping:

RIP=0x00007ffab0557cca jvm.dll
RAX=0x000000000000008b is an unknown value
RBX=0x0000022c6ac3482c points into unknown readable memory: 65 3c 4c 6d
RCX=0x00000000008c000a is an unknown value
RDX=0x0000022c6b6f95d0 points into unknown readable memory: 0x796d2f5344796d4c | 4c 6d 79 44 53 2f 6d 79
RSP=0x0000007bd90ff2a0 is pointing into the stack for thread: 0x0000022c6ae666d0
RBP=0x0000022c6ae04750 points into unknown readable memory: 0x0000000000000002 | 02 00 00 00 00 00 00 00
RSI=0x0 is NULL
RDI=0xffffffffffffffff is an unknown value
R8 =0x0000000000000083 is an unknown value
R9 =0x0000000000000040 is an unknown value
R10=0x0000000000000080 is an unknown value
R11=0x0000007bd90ff2c0 is pointing into the stack for thread: 0x0000022c6ae666d0
R12=0x0000007bd90ff3f8 is pointing into the stack for thread: 0x0000022c6ae666d0
R13=0x0 is NULL
R14=0x00000008000c9f88 is a pointer to class: 
myDS.myMaps.HashBucketMap {0x00000008000c9f90}
 - instance size:     3
 - klass size:        89
 - access:            public synchronized 
 - state:             fully_initialized
 - name:              'myDS/myMaps/HashBucketMap'
 - super:             'java/lang/Object'
 - sub:               
 - arrays:            NULL
 - methods:           Array<T>(0x0000022c6755fe48)
 - method ordering:   Array<T>(0x0000022c67560a70)
 - default_methods:   Array<T>(0x0000000000000000)
 - local interfaces:  Array<T>(0x0000022c67550000)
 - trans. interfaces: Array<T>(0x0000022c67550c38)
 - constants:         constant pool [150] {0x0000022c67561600} for 'myDS/myMaps/HashBucketMap' cache=0x0000022c67561b60
 - class loader data:  loader data: 0x0000022c6acad8f0 for instance a 'jdk/internal/loader/ClassLoaders$AppClassLoader'{0x0000000713e654b8}
 - source file:       'HashBucketMap.java'
 - source debug extension:       SMAP
HashBucketMap.java
Java
*S jdt
*F
1 HashBucketMap.java
2 file:/C:/Users/lekan/eclipse-228-workspace/ClassAlgorithms/bin/
*L
*E

 - class annotations:       Array<T>(0x0000000000000000)
 - class type annotations:  Array<T>(0x0000000000000000)
 - field annotations:       Array<T>(0x0000000000000000)
 - field type annotations:  Array<T>(0x0000000000000000)
 - previous version:  constant pool [144] {0x0000022c6754fad0} for 'myDS/myMaps/HashBucketMap' (extra) cache=0x0000022c67550c90
 - generic signature: '
[error occurred during error reporting (printing register info), id 0xc0000005, EXCEPTION_ACCESS_VIOLATION (0xc0000005) at pc=0x00007ffab05588d6]

Registers:
RAX=0x000000000000008b, RBX=0x0000022c6ac3482c, RCX=0x00000000008c000a, RDX=0x0000022c6b6f95d0
RSP=0x0000007bd90ff2a0, RBP=0x0000022c6ae04750, RSI=0x0000000000000000, RDI=0xffffffffffffffff
R8 =0x0000000000000083, R9 =0x0000000000000040, R10=0x0000000000000080, R11=0x0000007bd90ff2c0
R12=0x0000007bd90ff3f8, R13=0x0000000000000000, R14=0x00000008000c9f88, R15=0x0000007bd90ff448
RIP=0x00007ffab0557cca, EFLAGS=0x0000000000010206

Top of Stack: (sp=0x0000007bd90ff2a0)
0x0000007bd90ff2a0:   0000000000000019 00000008000c9f88
0x0000007bd90ff2b0:   0000022c6ae666d0 0000000000000000
0x0000007bd90ff2c0:   ffffffffffffffff 00007ffab02cee8c
0x0000007bd90ff2d0:   0000022c6ac3482c 0000022c6ae04750
0x0000007bd90ff2e0:   0000000000000000 0000022c6ae66960
0x0000007bd90ff2f0:   0000022c6ac347e0 00000000000003d8
0x0000007bd90ff300:   0000022c6ac347f0 0000022c6ac34bc8
0x0000007bd90ff310:   0000000000000002 0000007bd90ff3f8
0x0000007bd90ff320:   0000000000000000 0000000000000000
0x0000007bd90ff330:   0000000713956fc0 00007ffab029c88b
0x0000007bd90ff340:   0000022c6ae666d0 0000007bd90ff448
0x0000007bd90ff350:   0000022c45fbe5d0 0000007bd90ff448
0x0000007bd90ff360:   0000022c6ae666d0 0000000000000000
0x0000007bd90ff370:   0000022c00000000 0000000000000000
0x0000007bd90ff380:   000000000000000d 00007ffb222f2fe7
0x0000007bd90ff390:   0000007bd90ff440 00007ffb22301640 

Instructions: (pc=0x00007ffab0557cca)
0x00007ffab0557bca:   48 8b f8 48 85 db 74 08 48 8b cb e8 b6 66 eb ff
0x00007ffab0557bda:   48 8b 5c 24 30 48 8b c7 48 83 c4 20 5f c3 8d 42
0x00007ffab0557bea:   06 83 ff 02 b9 08 00 00 00 0f 4e c1 45 33 c0 48
0x00007ffab0557bfa:   63 c8 48 83 c1 07 83 e1 f8 48 63 c9 41 8d 50 0b
0x00007ffab0557c0a:   48 83 c4 20 5f e9 3c ce 8f ff cc cc cc cc cc cc
0x00007ffab0557c1a:   cc cc cc cc cc cc 83 fa 02 8d 42 06 b9 08 00 00
0x00007ffab0557c2a:   00 4d 8b c8 0f 4e c1 48 63 c8 49 8b 40 18 48 83
0x00007ffab0557c3a:   c1 07 83 e1 f8 48 63 d1 49 8b 48 20 48 2b c8 48
0x00007ffab0557c4a:   3b ca 72 09 48 8d 0c 10 49 89 48 18 c3 45 33 c0
0x00007ffab0557c5a:   49 8b c9 e9 1e 2c 90 ff cc cc cc cc cc cc cc cc
0x00007ffab0557c6a:   cc cc cc cc cc cc 4c 8b d2 4c 8b d9 45 85 c0 7e
0x00007ffab0557c7a:   3c 44 0f b7 49 04 41 8d 40 ff 41 3b c1 44 0f 4c
0x00007ffab0557c8a:   c8 4d 63 c1 45 85 c9 7e 1f 48 8b c2 4c 2b da 49
0x00007ffab0557c9a:   8b d0 0f 1f 40 00 41 0f b6 4c 03 06 88 08 48 8d
0x00007ffab0557caa:   40 01 48 83 ea 01 75 ee 43 c6 04 10 00 49 8b c2
0x00007ffab0557cba:   c3 cc cc cc cc cc 48 89 5c 24 08 57 48 83 ec 20
0x00007ffab0557cca:   0f b7 59 04 48 8b f9 33 d2 48 8d 4b 01 e8 e4 9e
0x00007ffab0557cda:   f3 ff 0f b7 57 04 4c 8b c0 3b da 0f 42 d3 44 8b
0x00007ffab0557cea:   ca 85 d2 74 39 48 2b f8 0f 1f 40 00 66 66 0f 1f
0x00007ffab0557cfa:   84 00 00 00 00 00 0f b6 4c 07 06 88 08 48 ff c0
0x00007ffab0557d0a:   48 8b c8 49 2b c8 49 3b c9 7c eb 42 c6 04 02 00
0x00007ffab0557d1a:   49 8b c0 48 8b 5c 24 30 48 83 c4 20 5f c3 48 8b
0x00007ffab0557d2a:   5c 24 30 c6 04 02 00 48 83 c4 20 5f c3 cc cc cc
0x00007ffab0557d3a:   cc cc cc cc cc cc 4c 8b d1 45 85 c0 7e 6c 44 0f
0x00007ffab0557d4a:   b7 49 04 41 8d 40 ff 41 3b c1 44 0f 4c c8 4d 63
0x00007ffab0557d5a:   d9 45 85 c9 7e 22 48 8b ca 4c 2b d2 4d 8b c3 0f
0x00007ffab0557d6a:   1f 80 00 00 00 00 41 0f b6 44 0a 06 88 01 48 8d
0x00007ffab0557d7a:   49 01 49 83 e8 01 75 ee 41 c6 04 13 00 48 c7 c0
0x00007ffab0557d8a:   ff ff ff ff 66 90 48 ff c0 80 3c 02 00 75 f7 48
0x00007ffab0557d9a:   63 c8 85 c0 48 8b c2 7e 14 80 38 2f 75 03 c6 00
0x00007ffab0557daa:   2e 48 ff c0 48 83 e9 01 75 ef 48 8b c2 c3 cc cc
0x00007ffab0557dba:   cc cc cc cc cc cc 48 83 ec 28 e8 f7 fe ff ff 4c 


Stack slot to memory mapping:
stack at sp + 0 slots: 0x0000000000000019 is an unknown value
stack at sp + 1 slots: 0x00000008000c9f88 is a pointer to class: 
myDS.myMaps.HashBucketMap {0x00000008000c9f90}
 - instance size:     3
 - klass size:        89
 - access:            public synchronized 
 - state:             fully_initialized
 - name:              'myDS/myMaps/HashBucketMap'
 - super:             'java/lang/Object'
 - sub:               
 - arrays:            NULL
 - methods:           Array<T>(0x0000022c6755fe48)
 - method ordering:   Array<T>(0x0000022c67560a70)
 - default_methods:   Array<T>(0x0000000000000000)
 - local interfaces:  Array<T>(0x0000022c67550000)
 - trans. interfaces: Array<T>(0x0000022c67550c38)
 - constants:         constant pool [150] {0x0000022c67561600} for 'myDS/myMaps/HashBucketMap' cache=0x0000022c67561b60
 - class loader data:  loader data: 0x0000022c6acad8f0 for instance a 'jdk/internal/loader/ClassLoaders$AppClassLoader'{0x0000000713e654b8}
 - source file:       'HashBucketMap.java'
 - source debug extension:       SMAP
HashBucketMap.java
Java
*S jdt
*F
1 HashBucketMap.java
2 file:/C:/Users/lekan/eclipse-228-workspace/ClassAlgorithms/bin/
*L
*E

 - class annotations:       Array<T>(0x0000000000000000)
 - class type annotations:  Array<T>(0x0000000000000000)
 - field annotations:       Array<T>(0x0000000000000000)
 - field type annotations:  Array<T>(0x0000000000000000)
 - previous version:  constant pool [144] {0x0000022c6754fad0} for 'myDS/myMaps/HashBucketMap' (extra) cache=0x0000022c67550c90
 - generic signature: '
[error occurred during error reporting (inspecting top of stack), id 0xc0000005, EXCEPTION_ACCESS_VIOLATION (0xc0000005) at pc=0x00007ffab05588d6]


---------------  P R O C E S S  ---------------

Threads class SMR info:
_java_thread_list=0x0000022c6b6f74e0, length=15, elements={
0x0000022c45fd17e0, 0x0000022c669578a0, 0x0000022c66958240, 0x0000022c6699d9f0,
0x0000022c6699e390, 0x0000022c6ac1ed30, 0x0000022c6ac1f5e0, 0x0000022c6ac205d0,
0x0000022c6ac33ef0, 0x0000022c6ac44bb0, 0x0000022c6ad21210, 0x0000022c6ae666d0,
0x0000022c6aead9a0, 0x0000022c6aeade80, 0x0000022c6b427450
}

Java Threads: ( => current thread )
  0x0000022c45fd17e0 JavaThread "main" [_thread_blocked, id=34480, stack(0x0000007bd7f00000,0x0000007bd8000000)]
  0x0000022c669578a0 JavaThread "Reference Handler" daemon [_thread_blocked, id=30112, stack(0x0000007bd8600000,0x0000007bd8700000)]
  0x0000022c66958240 JavaThread "Finalizer" daemon [_thread_blocked, id=27784, stack(0x0000007bd8700000,0x0000007bd8800000)]
  0x0000022c6699d9f0 JavaThread "Signal Dispatcher" daemon [_thread_blocked, id=16988, stack(0x0000007bd8800000,0x0000007bd8900000)]
  0x0000022c6699e390 JavaThread "Attach Listener" daemon [_thread_blocked, id=35216, stack(0x0000007bd8900000,0x0000007bd8a00000)]
  0x0000022c6ac1ed30 JavaThread "Service Thread" daemon [_thread_blocked, id=26228, stack(0x0000007bd8a00000,0x0000007bd8b00000)]
  0x0000022c6ac1f5e0 JavaThread "Monitor Deflation Thread" daemon [_thread_blocked, id=4588, stack(0x0000007bd8b00000,0x0000007bd8c00000)]
  0x0000022c6ac205d0 JavaThread "C2 CompilerThread0" daemon [_thread_blocked, id=31508, stack(0x0000007bd8c00000,0x0000007bd8d00000)]
  0x0000022c6ac33ef0 JavaThread "C1 CompilerThread0" daemon [_thread_blocked, id=15712, stack(0x0000007bd8d00000,0x0000007bd8e00000)]
  0x0000022c6ac44bb0 JavaThread "Sweeper thread" daemon [_thread_blocked, id=30076, stack(0x0000007bd8e00000,0x0000007bd8f00000)]
  0x0000022c6ad21210 JavaThread "Common-Cleaner" daemon [_thread_blocked, id=32912, stack(0x0000007bd8f00000,0x0000007bd9000000)]
=>0x0000022c6ae666d0 JavaThread "JDWP Transport Listener: dt_socket" daemon [_thread_in_vm, id=30872, stack(0x0000007bd9000000,0x0000007bd9100000)]
  0x0000022c6aead9a0 JavaThread "JDWP Event Helper Thread" daemon [_thread_blocked, id=7804, stack(0x0000007bd9100000,0x0000007bd9200000)]
  0x0000022c6aeade80 JavaThread "JDWP Command Reader" daemon [_thread_in_native, id=20348, stack(0x0000007bd9200000,0x0000007bd9300000)]
  0x0000022c6b427450 JavaThread "Notification Thread" daemon [_thread_blocked, id=22320, stack(0x0000007bd9400000,0x0000007bd9500000)]

Other Threads:
  0x0000022c4605de60 VMThread "VM Thread" [stack: 0x0000007bd8500000,0x0000007bd8600000] [id=34404]
  0x0000022c6b5b08e0 WatcherThread "VM Periodic Task Thread" [stack: 0x0000007bd9500000,0x0000007bd9600000] [id=33248]
  0x0000022c46040e60 WorkerThread "GC Thread#0" [stack: 0x0000007bd8000000,0x0000007bd8100000] [id=11540]
  0x0000022c46051950 ConcurrentGCThread "G1 Main Marker" [stack: 0x0000007bd8100000,0x0000007bd8200000] [id=30024]
  0x0000022c46052340 WorkerThread "G1 Conc#0" [stack: 0x0000007bd8200000,0x0000007bd8300000] [id=1384]
  0x0000022c4608e530 ConcurrentGCThread "G1 Refine#0" [stack: 0x0000007bd8300000,0x0000007bd8400000] [id=30456]
  0x0000022c667ba540 ConcurrentGCThread "G1 Service" [stack: 0x0000007bd8400000,0x0000007bd8500000] [id=23484]

Threads with active compile tasks:

VM state: not at safepoint (normal execution)

VM Mutex/Monitor currently owned by a thread: None

Heap address: 0x0000000704400000, size: 4028 MB, Compressed Oops mode: Zero based, Oop shift amount: 3

CDS archive(s) not mapped
Compressed class space mapped at: 0x0000000800000000-0x0000000840000000, reserved size: 1073741824
Narrow klass base: 0x0000000800000000, Narrow klass shift: 0, Narrow klass range: 0x40000000

GC Precious Log:
 CardTable entry size: 512
 Card Set container configuration: InlinePtr #cards 4 size 8 Array Of Cards #cards 16 size 48 Howl #buckets 8 coarsen threshold 3686 Howl Bitmap #cards 512 size 80 coarsen threshold 460 Card regions per heap region 1 cards per card region 4096
 CPUs: 8 total, 8 available
 Memory: 16106M
 Large Page Support: Disabled
 NUMA Support: Disabled
 Compressed Oops: Enabled (Zero based)
 Heap Region Size: 2M
 Heap Min Capacity: 8M
 Heap Initial Capacity: 252M
 Heap Max Capacity: 4028M
 Pre-touch: Disabled
 Parallel Workers: 8
 Concurrent Workers: 2
 Concurrent Refinement Workers: 8
 Periodic GC: Disabled

Heap:
 garbage-first heap   total 258048K, used 6144K [0x0000000704400000, 0x0000000800000000)
  region size 2048K, 4 young (8192K), 0 survivors (0K)
 Metaspace       used 10284K, committed 10368K, reserved 1114112K
  class space    used 869K, committed 896K, reserved 1048576K

Heap Regions: E=young(eden), S=young(survivor), O=old, HS=humongous(starts), HC=humongous(continues), CS=collection set, F=free, OA=open archive, CA=closed archive, TAMS=top-at-mark-start (previous, next)
|   0|0x0000000704400000, 0x0000000704400000, 0x0000000704600000|  0%| F|  |TAMS 0x0000000704400000, 0x0000000704400000| Untracked 
|   1|0x0000000704600000, 0x0000000704600000, 0x0000000704800000|  0%| F|  |TAMS 0x0000000704600000, 0x0000000704600000| Untracked 
|   2|0x0000000704800000, 0x0000000704800000, 0x0000000704a00000|  0%| F|  |TAMS 0x0000000704800000, 0x0000000704800000| Untracked 
|   3|0x0000000704a00000, 0x0000000704a00000, 0x0000000704c00000|  0%| F|  |TAMS 0x0000000704a00000, 0x0000000704a00000| Untracked 
|   4|0x0000000704c00000, 0x0000000704c00000, 0x0000000704e00000|  0%| F|  |TAMS 0x0000000704c00000, 0x0000000704c00000| Untracked 
|   5|0x0000000704e00000, 0x0000000704e00000, 0x0000000705000000|  0%| F|  |TAMS 0x0000000704e00000, 0x0000000704e00000| Untracked 
|   6|0x0000000705000000, 0x0000000705000000, 0x0000000705200000|  0%| F|  |TAMS 0x0000000705000000, 0x0000000705000000| Untracked 
|   7|0x0000000705200000, 0x0000000705200000, 0x0000000705400000|  0%| F|  |TAMS 0x0000000705200000, 0x0000000705200000| Untracked 
|   8|0x0000000705400000, 0x0000000705400000, 0x0000000705600000|  0%| F|  |TAMS 0x0000000705400000, 0x0000000705400000| Untracked 
|   9|0x0000000705600000, 0x0000000705600000, 0x0000000705800000|  0%| F|  |TAMS 0x0000000705600000, 0x0000000705600000| Untracked 
|  10|0x0000000705800000, 0x0000000705800000, 0x0000000705a00000|  0%| F|  |TAMS 0x0000000705800000, 0x0000000705800000| Untracked 
|  11|0x0000000705a00000, 0x0000000705a00000, 0x0000000705c00000|  0%| F|  |TAMS 0x0000000705a00000, 0x0000000705a00000| Untracked 
|  12|0x0000000705c00000, 0x0000000705c00000, 0x0000000705e00000|  0%| F|  |TAMS 0x0000000705c00000, 0x0000000705c00000| Untracked 
|  13|0x0000000705e00000, 0x0000000705e00000, 0x0000000706000000|  0%| F|  |TAMS 0x0000000705e00000, 0x0000000705e00000| Untracked 
|  14|0x0000000706000000, 0x0000000706000000, 0x0000000706200000|  0%| F|  |TAMS 0x0000000706000000, 0x0000000706000000| Untracked 
|  15|0x0000000706200000, 0x0000000706200000, 0x0000000706400000|  0%| F|  |TAMS 0x0000000706200000, 0x0000000706200000| Untracked 
|  16|0x0000000706400000, 0x0000000706400000, 0x0000000706600000|  0%| F|  |TAMS 0x0000000706400000, 0x0000000706400000| Untracked 
|  17|0x0000000706600000, 0x0000000706600000, 0x0000000706800000|  0%| F|  |TAMS 0x0000000706600000, 0x0000000706600000| Untracked 
|  18|0x0000000706800000, 0x0000000706800000, 0x0000000706a00000|  0%| F|  |TAMS 0x0000000706800000, 0x0000000706800000| Untracked 
|  19|0x0000000706a00000, 0x0000000706a00000, 0x0000000706c00000|  0%| F|  |TAMS 0x0000000706a00000, 0x0000000706a00000| Untracked 
|  20|0x0000000706c00000, 0x0000000706c00000, 0x0000000706e00000|  0%| F|  |TAMS 0x0000000706c00000, 0x0000000706c00000| Untracked 
|  21|0x0000000706e00000, 0x0000000706e00000, 0x0000000707000000|  0%| F|  |TAMS 0x0000000706e00000, 0x0000000706e00000| Untracked 
|  22|0x0000000707000000, 0x0000000707000000, 0x0000000707200000|  0%| F|  |TAMS 0x0000000707000000, 0x0000000707000000| Untracked 
|  23|0x0000000707200000, 0x0000000707200000, 0x0000000707400000|  0%| F|  |TAMS 0x0000000707200000, 0x0000000707200000| Untracked 
|  24|0x0000000707400000, 0x0000000707400000, 0x0000000707600000|  0%| F|  |TAMS 0x0000000707400000, 0x0000000707400000| Untracked 
|  25|0x0000000707600000, 0x0000000707600000, 0x0000000707800000|  0%| F|  |TAMS 0x0000000707600000, 0x0000000707600000| Untracked 
|  26|0x0000000707800000, 0x0000000707800000, 0x0000000707a00000|  0%| F|  |TAMS 0x0000000707800000, 0x0000000707800000| Untracked 
|  27|0x0000000707a00000, 0x0000000707a00000, 0x0000000707c00000|  0%| F|  |TAMS 0x0000000707a00000, 0x0000000707a00000| Untracked 
|  28|0x0000000707c00000, 0x0000000707c00000, 0x0000000707e00000|  0%| F|  |TAMS 0x0000000707c00000, 0x0000000707c00000| Untracked 
|  29|0x0000000707e00000, 0x0000000707e00000, 0x0000000708000000|  0%| F|  |TAMS 0x0000000707e00000, 0x0000000707e00000| Untracked 
|  30|0x0000000708000000, 0x0000000708000000, 0x0000000708200000|  0%| F|  |TAMS 0x0000000708000000, 0x0000000708000000| Untracked 
|  31|0x0000000708200000, 0x0000000708200000, 0x0000000708400000|  0%| F|  |TAMS 0x0000000708200000, 0x0000000708200000| Untracked 
|  32|0x0000000708400000, 0x0000000708400000, 0x0000000708600000|  0%| F|  |TAMS 0x0000000708400000, 0x0000000708400000| Untracked 
|  33|0x0000000708600000, 0x0000000708600000, 0x0000000708800000|  0%| F|  |TAMS 0x0000000708600000, 0x0000000708600000| Untracked 
|  34|0x0000000708800000, 0x0000000708800000, 0x0000000708a00000|  0%| F|  |TAMS 0x0000000708800000, 0x0000000708800000| Untracked 
|  35|0x0000000708a00000, 0x0000000708a00000, 0x0000000708c00000|  0%| F|  |TAMS 0x0000000708a00000, 0x0000000708a00000| Untracked 
|  36|0x0000000708c00000, 0x0000000708c00000, 0x0000000708e00000|  0%| F|  |TAMS 0x0000000708c00000, 0x0000000708c00000| Untracked 
|  37|0x0000000708e00000, 0x0000000708e00000, 0x0000000709000000|  0%| F|  |TAMS 0x0000000708e00000, 0x0000000708e00000| Untracked 
|  38|0x0000000709000000, 0x0000000709000000, 0x0000000709200000|  0%| F|  |TAMS 0x0000000709000000, 0x0000000709000000| Untracked 
|  39|0x0000000709200000, 0x0000000709200000, 0x0000000709400000|  0%| F|  |TAMS 0x0000000709200000, 0x0000000709200000| Untracked 
|  40|0x0000000709400000, 0x0000000709400000, 0x0000000709600000|  0%| F|  |TAMS 0x0000000709400000, 0x0000000709400000| Untracked 
|  41|0x0000000709600000, 0x0000000709600000, 0x0000000709800000|  0%| F|  |TAMS 0x0000000709600000, 0x0000000709600000| Untracked 
|  42|0x0000000709800000, 0x0000000709800000, 0x0000000709a00000|  0%| F|  |TAMS 0x0000000709800000, 0x0000000709800000| Untracked 
|  43|0x0000000709a00000, 0x0000000709a00000, 0x0000000709c00000|  0%| F|  |TAMS 0x0000000709a00000, 0x0000000709a00000| Untracked 
|  44|0x0000000709c00000, 0x0000000709c00000, 0x0000000709e00000|  0%| F|  |TAMS 0x0000000709c00000, 0x0000000709c00000| Untracked 
|  45|0x0000000709e00000, 0x0000000709e00000, 0x000000070a000000|  0%| F|  |TAMS 0x0000000709e00000, 0x0000000709e00000| Untracked 
|  46|0x000000070a000000, 0x000000070a000000, 0x000000070a200000|  0%| F|  |TAMS 0x000000070a000000, 0x000000070a000000| Untracked 
|  47|0x000000070a200000, 0x000000070a200000, 0x000000070a400000|  0%| F|  |TAMS 0x000000070a200000, 0x000000070a200000| Untracked 
|  48|0x000000070a400000, 0x000000070a400000, 0x000000070a600000|  0%| F|  |TAMS 0x000000070a400000, 0x000000070a400000| Untracked 
|  49|0x000000070a600000, 0x000000070a600000, 0x000000070a800000|  0%| F|  |TAMS 0x000000070a600000, 0x000000070a600000| Untracked 
|  50|0x000000070a800000, 0x000000070a800000, 0x000000070aa00000|  0%| F|  |TAMS 0x000000070a800000, 0x000000070a800000| Untracked 
|  51|0x000000070aa00000, 0x000000070aa00000, 0x000000070ac00000|  0%| F|  |TAMS 0x000000070aa00000, 0x000000070aa00000| Untracked 
|  52|0x000000070ac00000, 0x000000070ac00000, 0x000000070ae00000|  0%| F|  |TAMS 0x000000070ac00000, 0x000000070ac00000| Untracked 
|  53|0x000000070ae00000, 0x000000070ae00000, 0x000000070b000000|  0%| F|  |TAMS 0x000000070ae00000, 0x000000070ae00000| Untracked 
|  54|0x000000070b000000, 0x000000070b000000, 0x000000070b200000|  0%| F|  |TAMS 0x000000070b000000, 0x000000070b000000| Untracked 
|  55|0x000000070b200000, 0x000000070b200000, 0x000000070b400000|  0%| F|  |TAMS 0x000000070b200000, 0x000000070b200000| Untracked 
|  56|0x000000070b400000, 0x000000070b400000, 0x000000070b600000|  0%| F|  |TAMS 0x000000070b400000, 0x000000070b400000| Untracked 
|  57|0x000000070b600000, 0x000000070b600000, 0x000000070b800000|  0%| F|  |TAMS 0x000000070b600000, 0x000000070b600000| Untracked 
|  58|0x000000070b800000, 0x000000070b800000, 0x000000070ba00000|  0%| F|  |TAMS 0x000000070b800000, 0x000000070b800000| Untracked 
|  59|0x000000070ba00000, 0x000000070ba00000, 0x000000070bc00000|  0%| F|  |TAMS 0x000000070ba00000, 0x000000070ba00000| Untracked 
|  60|0x000000070bc00000, 0x000000070bc00000, 0x000000070be00000|  0%| F|  |TAMS 0x000000070bc00000, 0x000000070bc00000| Untracked 
|  61|0x000000070be00000, 0x000000070be00000, 0x000000070c000000|  0%| F|  |TAMS 0x000000070be00000, 0x000000070be00000| Untracked 
|  62|0x000000070c000000, 0x000000070c000000, 0x000000070c200000|  0%| F|  |TAMS 0x000000070c000000, 0x000000070c000000| Untracked 
|  63|0x000000070c200000, 0x000000070c200000, 0x000000070c400000|  0%| F|  |TAMS 0x000000070c200000, 0x000000070c200000| Untracked 
|  64|0x000000070c400000, 0x000000070c400000, 0x000000070c600000|  0%| F|  |TAMS 0x000000070c400000, 0x000000070c400000| Untracked 
|  65|0x000000070c600000, 0x000000070c600000, 0x000000070c800000|  0%| F|  |TAMS 0x000000070c600000, 0x000000070c600000| Untracked 
|  66|0x000000070c800000, 0x000000070c800000, 0x000000070ca00000|  0%| F|  |TAMS 0x000000070c800000, 0x000000070c800000| Untracked 
|  67|0x000000070ca00000, 0x000000070ca00000, 0x000000070cc00000|  0%| F|  |TAMS 0x000000070ca00000, 0x000000070ca00000| Untracked 
|  68|0x000000070cc00000, 0x000000070cc00000, 0x000000070ce00000|  0%| F|  |TAMS 0x000000070cc00000, 0x000000070cc00000| Untracked 
|  69|0x000000070ce00000, 0x000000070ce00000, 0x000000070d000000|  0%| F|  |TAMS 0x000000070ce00000, 0x000000070ce00000| Untracked 
|  70|0x000000070d000000, 0x000000070d000000, 0x000000070d200000|  0%| F|  |TAMS 0x000000070d000000, 0x000000070d000000| Untracked 
|  71|0x000000070d200000, 0x000000070d200000, 0x000000070d400000|  0%| F|  |TAMS 0x000000070d200000, 0x000000070d200000| Untracked 
|  72|0x000000070d400000, 0x000000070d400000, 0x000000070d600000|  0%| F|  |TAMS 0x000000070d400000, 0x000000070d400000| Untracked 
|  73|0x000000070d600000, 0x000000070d600000, 0x000000070d800000|  0%| F|  |TAMS 0x000000070d600000, 0x000000070d600000| Untracked 
|  74|0x000000070d800000, 0x000000070d800000, 0x000000070da00000|  0%| F|  |TAMS 0x000000070d800000, 0x000000070d800000| Untracked 
|  75|0x000000070da00000, 0x000000070da00000, 0x000000070dc00000|  0%| F|  |TAMS 0x000000070da00000, 0x000000070da00000| Untracked 
|  76|0x000000070dc00000, 0x000000070dc00000, 0x000000070de00000|  0%| F|  |TAMS 0x000000070dc00000, 0x000000070dc00000| Untracked 
|  77|0x000000070de00000, 0x000000070de00000, 0x000000070e000000|  0%| F|  |TAMS 0x000000070de00000, 0x000000070de00000| Untracked 
|  78|0x000000070e000000, 0x000000070e000000, 0x000000070e200000|  0%| F|  |TAMS 0x000000070e000000, 0x000000070e000000| Untracked 
|  79|0x000000070e200000, 0x000000070e200000, 0x000000070e400000|  0%| F|  |TAMS 0x000000070e200000, 0x000000070e200000| Untracked 
|  80|0x000000070e400000, 0x000000070e400000, 0x000000070e600000|  0%| F|  |TAMS 0x000000070e400000, 0x000000070e400000| Untracked 
|  81|0x000000070e600000, 0x000000070e600000, 0x000000070e800000|  0%| F|  |TAMS 0x000000070e600000, 0x000000070e600000| Untracked 
|  82|0x000000070e800000, 0x000000070e800000, 0x000000070ea00000|  0%| F|  |TAMS 0x000000070e800000, 0x000000070e800000| Untracked 
|  83|0x000000070ea00000, 0x000000070ea00000, 0x000000070ec00000|  0%| F|  |TAMS 0x000000070ea00000, 0x000000070ea00000| Untracked 
|  84|0x000000070ec00000, 0x000000070ec00000, 0x000000070ee00000|  0%| F|  |TAMS 0x000000070ec00000, 0x000000070ec00000| Untracked 
|  85|0x000000070ee00000, 0x000000070ee00000, 0x000000070f000000|  0%| F|  |TAMS 0x000000070ee00000, 0x000000070ee00000| Untracked 
|  86|0x000000070f000000, 0x000000070f000000, 0x000000070f200000|  0%| F|  |TAMS 0x000000070f000000, 0x000000070f000000| Untracked 
|  87|0x000000070f200000, 0x000000070f200000, 0x000000070f400000|  0%| F|  |TAMS 0x000000070f200000, 0x000000070f200000| Untracked 
|  88|0x000000070f400000, 0x000000070f400000, 0x000000070f600000|  0%| F|  |TAMS 0x000000070f400000, 0x000000070f400000| Untracked 
|  89|0x000000070f600000, 0x000000070f600000, 0x000000070f800000|  0%| F|  |TAMS 0x000000070f600000, 0x000000070f600000| Untracked 
|  90|0x000000070f800000, 0x000000070f800000, 0x000000070fa00000|  0%| F|  |TAMS 0x000000070f800000, 0x000000070f800000| Untracked 
|  91|0x000000070fa00000, 0x000000070fa00000, 0x000000070fc00000|  0%| F|  |TAMS 0x000000070fa00000, 0x000000070fa00000| Untracked 
|  92|0x000000070fc00000, 0x000000070fc00000, 0x000000070fe00000|  0%| F|  |TAMS 0x000000070fc00000, 0x000000070fc00000| Untracked 
|  93|0x000000070fe00000, 0x000000070fe00000, 0x0000000710000000|  0%| F|  |TAMS 0x000000070fe00000, 0x000000070fe00000| Untracked 
|  94|0x0000000710000000, 0x0000000710000000, 0x0000000710200000|  0%| F|  |TAMS 0x0000000710000000, 0x0000000710000000| Untracked 
|  95|0x0000000710200000, 0x0000000710200000, 0x0000000710400000|  0%| F|  |TAMS 0x0000000710200000, 0x0000000710200000| Untracked 
|  96|0x0000000710400000, 0x0000000710400000, 0x0000000710600000|  0%| F|  |TAMS 0x0000000710400000, 0x0000000710400000| Untracked 
|  97|0x0000000710600000, 0x0000000710600000, 0x0000000710800000|  0%| F|  |TAMS 0x0000000710600000, 0x0000000710600000| Untracked 
|  98|0x0000000710800000, 0x0000000710800000, 0x0000000710a00000|  0%| F|  |TAMS 0x0000000710800000, 0x0000000710800000| Untracked 
|  99|0x0000000710a00000, 0x0000000710a00000, 0x0000000710c00000|  0%| F|  |TAMS 0x0000000710a00000, 0x0000000710a00000| Untracked 
| 100|0x0000000710c00000, 0x0000000710c00000, 0x0000000710e00000|  0%| F|  |TAMS 0x0000000710c00000, 0x0000000710c00000| Untracked 
| 101|0x0000000710e00000, 0x0000000710e00000, 0x0000000711000000|  0%| F|  |TAMS 0x0000000710e00000, 0x0000000710e00000| Untracked 
| 102|0x0000000711000000, 0x0000000711000000, 0x0000000711200000|  0%| F|  |TAMS 0x0000000711000000, 0x0000000711000000| Untracked 
| 103|0x0000000711200000, 0x0000000711200000, 0x0000000711400000|  0%| F|  |TAMS 0x0000000711200000, 0x0000000711200000| Untracked 
| 104|0x0000000711400000, 0x0000000711400000, 0x0000000711600000|  0%| F|  |TAMS 0x0000000711400000, 0x0000000711400000| Untracked 
| 105|0x0000000711600000, 0x0000000711600000, 0x0000000711800000|  0%| F|  |TAMS 0x0000000711600000, 0x0000000711600000| Untracked 
| 106|0x0000000711800000, 0x0000000711800000, 0x0000000711a00000|  0%| F|  |TAMS 0x0000000711800000, 0x0000000711800000| Untracked 
| 107|0x0000000711a00000, 0x0000000711a00000, 0x0000000711c00000|  0%| F|  |TAMS 0x0000000711a00000, 0x0000000711a00000| Untracked 
| 108|0x0000000711c00000, 0x0000000711c00000, 0x0000000711e00000|  0%| F|  |TAMS 0x0000000711c00000, 0x0000000711c00000| Untracked 
| 109|0x0000000711e00000, 0x0000000711e00000, 0x0000000712000000|  0%| F|  |TAMS 0x0000000711e00000, 0x0000000711e00000| Untracked 
| 110|0x0000000712000000, 0x0000000712000000, 0x0000000712200000|  0%| F|  |TAMS 0x0000000712000000, 0x0000000712000000| Untracked 
| 111|0x0000000712200000, 0x0000000712200000, 0x0000000712400000|  0%| F|  |TAMS 0x0000000712200000, 0x0000000712200000| Untracked 
| 112|0x0000000712400000, 0x0000000712400000, 0x0000000712600000|  0%| F|  |TAMS 0x0000000712400000, 0x0000000712400000| Untracked 
| 113|0x0000000712600000, 0x0000000712600000, 0x0000000712800000|  0%| F|  |TAMS 0x0000000712600000, 0x0000000712600000| Untracked 
| 114|0x0000000712800000, 0x0000000712800000, 0x0000000712a00000|  0%| F|  |TAMS 0x0000000712800000, 0x0000000712800000| Untracked 
| 115|0x0000000712a00000, 0x0000000712a00000, 0x0000000712c00000|  0%| F|  |TAMS 0x0000000712a00000, 0x0000000712a00000| Untracked 
| 116|0x0000000712c00000, 0x0000000712c00000, 0x0000000712e00000|  0%| F|  |TAMS 0x0000000712c00000, 0x0000000712c00000| Untracked 
| 117|0x0000000712e00000, 0x0000000712e00000, 0x0000000713000000|  0%| F|  |TAMS 0x0000000712e00000, 0x0000000712e00000| Untracked 
| 118|0x0000000713000000, 0x0000000713000000, 0x0000000713200000|  0%| F|  |TAMS 0x0000000713000000, 0x0000000713000000| Untracked 
| 119|0x0000000713200000, 0x0000000713200000, 0x0000000713400000|  0%| F|  |TAMS 0x0000000713200000, 0x0000000713200000| Untracked 
| 120|0x0000000713400000, 0x0000000713400000, 0x0000000713600000|  0%| F|  |TAMS 0x0000000713400000, 0x0000000713400000| Untracked 
| 121|0x0000000713600000, 0x0000000713600000, 0x0000000713800000|  0%| F|  |TAMS 0x0000000713600000, 0x0000000713600000| Untracked 
| 122|0x0000000713800000, 0x00000007139dd2d0, 0x0000000713a00000| 93%| E|  |TAMS 0x0000000713800000, 0x0000000713800000| Complete 
| 123|0x0000000713a00000, 0x0000000713c00000, 0x0000000713c00000|100%| E|CS|TAMS 0x0000000713a00000, 0x0000000713a00000| Complete 
| 124|0x0000000713c00000, 0x0000000713e00000, 0x0000000713e00000|100%| E|CS|TAMS 0x0000000713c00000, 0x0000000713c00000| Complete 
| 125|0x0000000713e00000, 0x0000000714000000, 0x0000000714000000|100%| E|CS|TAMS 0x0000000713e00000, 0x0000000713e00000| Complete 

Card table byte_map: [0x0000022c5b0f0000,0x0000022c5b8d0000] _byte_map_base: 0x0000022c578ce000

Marking Bits (Prev, Next): (CMBitMap*) 0x0000022c46041460, (CMBitMap*) 0x0000022c460414a0
 Prev Bits: [0x0000022c5c0b0000, 0x0000022c5ffa0000)
 Next Bits: [0x0000022c5ffa0000, 0x0000022c63e90000)

Polling page: 0x0000022c46090000

Metaspace:

Usage:
  Non-class:      9.19 MB used.
      Class:    869.62 KB used.
       Both:     10.04 MB used.

Virtual space:
  Non-class space:       64.00 MB reserved,       9.25 MB ( 14%) committed,  1 nodes.
      Class space:        1.00 GB reserved,     896.00 KB ( <1%) committed,  1 nodes.
             Both:        1.06 GB reserved,      10.12 MB ( <1%) committed. 

Chunk freelists:
   Non-Class:  2.56 MB
       Class:  3.06 MB
        Both:  5.62 MB

MaxMetaspaceSize: unlimited
CompressedClassSpaceSize: 1.00 GB
Initial GC threshold: 21.00 MB
Current GC threshold: 21.00 MB
CDS: off
MetaspaceReclaimPolicy: balanced
 - commit_granule_bytes: 65536.
 - commit_granule_words: 8192.
 - virtual_space_node_default_size: 8388608.
 - enlarge_chunks_in_place: 1.
 - new_chunks_are_fully_committed: 0.
 - uncommit_free_chunks: 1.
 - use_allocation_guard: 0.


Internal statistics:

num_allocs_failed_limit: 0.
num_arena_births: 30.
num_arena_deaths: 0.
num_vsnodes_births: 2.
num_vsnodes_deaths: 0.
num_space_committed: 162.
num_space_uncommitted: 0.
num_chunks_returned_to_freelist: 0.
num_chunks_taken_from_freelist: 81.
num_chunk_merges: 0.
num_chunk_splits: 39.
num_chunks_enlarged: 26.
num_inconsistent_stats: 0.

CodeHeap 'non-profiled nmethods': size=120000Kb used=176Kb max_used=176Kb free=119823Kb
 bounds [0x0000022c52980000, 0x0000022c52bf0000, 0x0000022c59eb0000]
CodeHeap 'profiled nmethods': size=120000Kb used=930Kb max_used=930Kb free=119069Kb
 bounds [0x0000022c4b450000, 0x0000022c4b6c0000, 0x0000022c52980000]
CodeHeap 'non-nmethods': size=5760Kb used=1228Kb max_used=1245Kb free=4531Kb
 bounds [0x0000022c4aeb0000, 0x0000022c4b120000, 0x0000022c4b450000]
 total_blobs=1001 nmethods=577 adapters=337
 compilation: enabled
              stopped_count=0, restarted_count=0
 full_count=0

Compilation events (20 events):
Event: 0.488 Thread 0x0000022c6ac33ef0 nmethod 570 0x0000022c4b534b10 code [0x0000022c4b534cc0, 0x0000022c4b534f38]
Event: 0.490 Thread 0x0000022c6ac33ef0  571       1       java.net.URL::getHost (5 bytes)
Event: 0.490 Thread 0x0000022c6ac33ef0 nmethod 571 0x0000022c529aae10 code [0x0000022c529aafa0, 0x0000022c529ab078]
Event: 0.490 Thread 0x0000022c6ac33ef0  572       3       java.lang.StringLatin1::getChar (9 bytes)
Event: 0.490 Thread 0x0000022c6ac33ef0 nmethod 572 0x0000022c4b535010 code [0x0000022c4b5351a0, 0x0000022c4b5352b8]
Event: 0.490 Thread 0x0000022c6ac33ef0  573       3       myDS.myMaps.SkipListMultiSet::validate (50 bytes)
Event: 0.490 Thread 0x0000022c6ac33ef0 nmethod 573 0x0000022c4b535390 code [0x0000022c4b535580, 0x0000022c4b535b18]
Event: 0.494 Thread 0x0000022c6b3dedc0 nmethod 557 0x0000022c529ab110 code [0x0000022c529ab2c0, 0x0000022c529abd18]
Event: 233.398 Thread 0x0000022c6ac33ef0  574       3       org.eclipse.jdt.launching.internal.org.objectweb.asm.ClassReader::readMethod (1066 bytes)
Event: 233.406 Thread 0x0000022c6ac33ef0 

Event: 233.406 Thread 0x0000022c6ac33ef0  577       3       org.eclipse.jdt.launching.internal.org.objectweb.asm.SymbolTable::hash (15 bytes)
Event: 233.406 Thread 0x0000022c6ac33ef0 nmethod 577 0x0000022c4b535d10 code [0x0000022c4b535ec0, 0x0000022c4b536058]
Event: 233.406 Thread 0x0000022c6ac33ef0  575       3       org.eclipse.jdt.launching.internal.org.objectweb.asm.ClassVisitor::visitMethod (24 bytes)
Event: 233.406 Thread 0x0000022c6ac33ef0 nmethod 575 0x0000022c4b536190 code [0x0000022c4b536340, 0x0000022c4b5365c8]
Event: 233.406 Thread 0x0000022c6ac33ef0  576       3       org.eclipse.jdt.launching.internal.org.objectweb.asm.MethodWriter::computeMethodInfoSize (571 bytes)
Event: 233.407 Thread 0x0000022c6ac33ef0 nmethod 576 0x0000022c4b536710 code [0x0000022c4b536a40, 0x0000022c4b537918]
Event: 233.407 Thread 0x0000022c6ac33ef0  578       3       org.eclipse.jdt.launching.internal.org.objectweb.asm.SymbolTable::addConstantNameAndType (28 bytes)
Event: 233.407 Thread 0x0000022c6ac33ef0 nmethod 578 0x0000022c4b538010 code [0x0000022c4b5381e0, 0x0000022c4b538518]
Event: 233.407 Thread 0x0000022c6ac33ef0  579       3       org.eclipse.jdt.launching.internal.org.objectweb.asm.SymbolTable$Entry::<init> (18 bytes)
Event: 233.407 Thread 0x0000022c6ac33ef0 nmethod 579 0x0000022c4b538710 code [0x0000022c4b5388c0, 0x0000022c4b538a68]

GC Heap History (0 events):
No events

Deoptimization events (20 events):
Event: 0.449 Thread 0x0000022c45fd17e0 DEOPT PACKING pc=0x0000022c4b509a7c sp=0x0000007bd7ff8210
Event: 0.449 Thread 0x0000022c45fd17e0 DEOPT UNPACKING pc=0x0000022c4af06763 sp=0x0000007bd7ff7678 mode 0
Event: 0.449 Thread 0x0000022c45fd17e0 DEOPT PACKING pc=0x0000022c4b509a7c sp=0x0000007bd7ff8210
Event: 0.449 Thread 0x0000022c45fd17e0 DEOPT UNPACKING pc=0x0000022c4af06763 sp=0x0000007bd7ff7678 mode 0
Event: 0.451 Thread 0x0000022c45fd17e0 DEOPT PACKING pc=0x0000022c4b509a7c sp=0x0000007bd7ff8210
Event: 0.451 Thread 0x0000022c45fd17e0 DEOPT UNPACKING pc=0x0000022c4af06763 sp=0x0000007bd7ff7678 mode 0
Event: 0.451 Thread 0x0000022c45fd17e0 DEOPT PACKING pc=0x0000022c4b509a7c sp=0x0000007bd7ff8210
Event: 0.451 Thread 0x0000022c45fd17e0 DEOPT UNPACKING pc=0x0000022c4af06763 sp=0x0000007bd7ff7678 mode 0
Event: 0.451 Thread 0x0000022c45fd17e0 DEOPT PACKING pc=0x0000022c4b509a7c sp=0x0000007bd7ff8210
Event: 0.451 Thread 0x0000022c45fd17e0 DEOPT UNPACKING pc=0x0000022c4af06763 sp=0x0000007bd7ff7678 mode 0
Event: 0.453 Thread 0x0000022c45fd17e0 DEOPT PACKING pc=0x0000022c4b509a7c sp=0x0000007bd7ffbc60
Event: 0.453 Thread 0x0000022c45fd17e0 DEOPT UNPACKING pc=0x0000022c4af06763 sp=0x0000007bd7ffb0c8 mode 0
Event: 0.454 Thread 0x0000022c45fd17e0 DEOPT PACKING pc=0x0000022c4b509a7c sp=0x0000007bd7ffbc60
Event: 0.454 Thread 0x0000022c45fd17e0 DEOPT UNPACKING pc=0x0000022c4af06763 sp=0x0000007bd7ffb0c8 mode 0
Event: 0.455 Thread 0x0000022c45fd17e0 DEOPT PACKING pc=0x0000022c4b509a7c sp=0x0000007bd7ff8190
Event: 0.455 Thread 0x0000022c45fd17e0 DEOPT UNPACKING pc=0x0000022c4af06763 sp=0x0000007bd7ff75f8 mode 0
Event: 0.462 Thread 0x0000022c45fd17e0 DEOPT PACKING pc=0x0000022c4b509a7c sp=0x0000007bd7ff7e00
Event: 0.462 Thread 0x0000022c45fd17e0 DEOPT UNPACKING pc=0x0000022c4af06763 sp=0x0000007bd7ff7268 mode 0
Event: 0.462 Thread 0x0000022c45fd17e0 DEOPT PACKING pc=0x0000022c4b509a7c sp=0x0000007bd7ff7e00
Event: 0.462 Thread 0x0000022c45fd17e0 DEOPT UNPACKING pc=0x0000022c4af06763 sp=0x0000007bd7ff7268 mode 0

Classes loaded (20 events):
Event: 0.441 Loading class java/lang/UnsupportedOperationException
Event: 0.441 Loading class java/lang/UnsupportedOperationException done
Event: 0.442 Loading class java/lang/TypeNotPresentException
Event: 0.442 Loading class java/lang/TypeNotPresentException done
Event: 0.452 Loading class java/lang/IndexOutOfBoundsException
Event: 0.453 Loading class java/lang/IndexOutOfBoundsException done
Event: 0.462 Loading class java/lang/IllegalStateException
Event: 0.462 Loading class java/lang/IllegalStateException done
Event: 0.474 Loading class java/util/NoSuchElementException
Event: 0.474 Loading class java/util/NoSuchElementException done
Event: 0.474 Loading class java/util/ConcurrentModificationException
Event: 0.474 Loading class java/util/ConcurrentModificationException done
Event: 0.474 Loading class java/nio/charset/CoderResult
Event: 0.474 Loading class java/nio/charset/CoderResult done
Event: 0.478 Loading class java/util/Random
Event: 0.478 Loading class java/util/random/RandomGenerator
Event: 0.478 Loading class java/util/random/RandomGenerator done
Event: 0.478 Loading class java/util/Random done
Event: 16.387 Loading class java/lang/ArrayIndexOutOfBoundsException
Event: 16.387 Loading class java/lang/ArrayIndexOutOfBoundsException done

Classes unloaded (0 events):
No events

Classes redefined (3 events):
Event: 233.400 Thread 0x0000022c4605de60 redefined class name=myDS.myMaps.HashBucketMap, count=1
Event: 233.400 Thread 0x0000022c4605de60 redefined class name=myDS.myMaps.HashBucketMap$3, count=1
Event: 233.400 Thread 0x0000022c4605de60 redefined class name=myDS.myMaps.HashBucketMap$EntryIterator, count=1

Internal exceptions (3 events):
Event: 0.421 Thread 0x0000022c45fd17e0 Exception <a 'java/lang/NoSuchMethodError'{0x0000000713bd46b8}: 'void java.lang.invoke.DirectMethodHandle$Holder.invokeStatic(java.lang.Object, java.lang.Object, java.lang.Object)'> (0x0000000713bd46b8) 
thrown [s\src\hotspot\share\interpreter\linkResolver.cpp, line 766]
Event: 0.423 Thread 0x0000022c45fd17e0 Exception <a 'java/lang/NoSuchMethodError'{0x0000000713be8420}: 'java.lang.Object java.lang.invoke.Invokers$Holder.invokeExact_MT(java.lang.Object, java.lang.Object, java.lang.Object, java.lang.Object, java.lang.Object)'> (0x0000000713be8420) 
thrown [s\src\hotspot\share\interpreter\linkResolver.cpp, line 766]
Event: 16.387 Thread 0x0000022c45fd17e0 Exception <a 'java/lang/ArrayIndexOutOfBoundsException'{0x00000007139bdd98}: Index -42 out of bounds for length 100> (0x00000007139bdd98) 
thrown [s\src\hotspot\share\interpreter\interpreterRuntime.cpp, line 431]

VM Operations (20 events):
Event: 174.020 Executing VM operation: get/set locals
Event: 174.020 Executing VM operation: get/set locals done
Event: 174.046 Executing VM operation: get/set locals
Event: 174.047 Executing VM operation: get/set locals done
Event: 174.047 Executing VM operation: get/set locals
Event: 174.047 Executing VM operation: get/set locals done
Event: 174.048 Executing VM operation: get/set locals
Event: 174.048 Executing VM operation: get/set locals done
Event: 174.088 Executing VM operation: get/set locals
Event: 174.088 Executing VM operation: get/set locals done
Event: 208.834 Executing VM operation: get/set locals
Event: 208.835 Executing VM operation: get/set locals done
Event: 208.835 Executing VM operation: get/set locals
Event: 208.835 Executing VM operation: get/set locals done
Event: 208.836 Executing VM operation: get/set locals
Event: 208.836 Executing VM operation: get/set locals done
Event: 208.839 Executing VM operation: get/set locals
Event: 208.840 Executing VM operation: get/set locals done
Event: 233.399 Executing VM operation: RedefineClasses
Event: 233.402 Executing VM operation: RedefineClasses done

Events (20 events):
Event: 0.068 Thread 0x0000022c6699e390 Thread added: 0x0000022c6699e390
Event: 0.068 Thread 0x0000022c6ac1ed30 Thread added: 0x0000022c6ac1ed30
Event: 0.068 Thread 0x0000022c6ac1f5e0 Thread added: 0x0000022c6ac1f5e0
Event: 0.068 Thread 0x0000022c6ac205d0 Thread added: 0x0000022c6ac205d0
Event: 0.068 Thread 0x0000022c6ac33ef0 Thread added: 0x0000022c6ac33ef0
Event: 0.068 Thread 0x0000022c6ac44bb0 Thread added: 0x0000022c6ac44bb0
Event: 0.122 Thread 0x0000022c6ad21210 Thread added: 0x0000022c6ad21210
Event: 0.159 Thread 0x0000022c6ae666d0 Thread added: 0x0000022c6ae666d0
Event: 0.159 Thread 0x0000022c6aead9a0 Thread added: 0x0000022c6aead9a0
Event: 0.159 Thread 0x0000022c6aeade80 Thread added: 0x0000022c6aeade80
Event: 0.226 Loaded shared library C:\Users\lekan\.p2\pool\plugins\org.eclipse.justj.openjdk.hotspot.jre.full.win32.x86_64_18.0.1.v20220515-1614\jre\bin\zip.dll
Event: 0.230 Loaded shared library C:\Users\lekan\.p2\pool\plugins\org.eclipse.justj.openjdk.hotspot.jre.full.win32.x86_64_18.0.1.v20220515-1614\jre\bin\instrument.dll
Event: 0.244 Loaded shared library C:\Users\lekan\.p2\pool\plugins\org.eclipse.justj.openjdk.hotspot.jre.full.win32.x86_64_18.0.1.v20220515-1614\jre\bin\net.dll
Event: 0.245 Loaded shared library C:\Users\lekan\.p2\pool\plugins\org.eclipse.justj.openjdk.hotspot.jre.full.win32.x86_64_18.0.1.v20220515-1614\jre\bin\nio.dll
Event: 0.253 Loaded shared library C:\Users\lekan\.p2\pool\plugins\org.eclipse.justj.openjdk.hotspot.jre.full.win32.x86_64_18.0.1.v20220515-1614\jre\bin\zip.dll
Event: 0.357 Loaded shared library C:\Users\lekan\.p2\pool\plugins\org.eclipse.justj.openjdk.hotspot.jre.full.win32.x86_64_18.0.1.v20220515-1614\jre\bin\jimage.dll
Event: 0.422 Thread 0x0000022c6b3dedc0 Thread added: 0x0000022c6b3dedc0
Event: 0.428 Thread 0x0000022c6b427450 Thread added: 0x0000022c6b427450
Event: 0.436 Loaded shared library C:\Users\lekan\.p2\pool\plugins\org.eclipse.justj.openjdk.hotspot.jre.full.win32.x86_64_18.0.1.v20220515-1614\jre\bin\verify.dll
Event: 5.509 Thread 0x0000022c6b3dedc0 Thread exited: 0x0000022c6b3dedc0


Dynamic libraries:
0x00007ff6f3950000 - 0x00007ff6f395e000 	C:\Users\lekan\.p2\pool\plugins\org.eclipse.justj.openjdk.hotspot.jre.full.win32.x86_64_18.0.1.v20220515-1614\jre\bin\javaw.exe
0x00007ffb4c110000 - 0x00007ffb4c324000 	C:\WINDOWS\SYSTEM32\ntdll.dll
0x00007ffb4a200000 - 0x00007ffb4a2c2000 	C:\WINDOWS\System32\KERNEL32.DLL
0x00007ffb49b60000 - 0x00007ffb49f03000 	C:\WINDOWS\System32\KERNELBASE.dll
0x00007ffb49880000 - 0x00007ffb49991000 	C:\WINDOWS\System32\ucrtbase.dll
0x00007ffb2f870000 - 0x00007ffb2f887000 	C:\Users\lekan\.p2\pool\plugins\org.eclipse.justj.openjdk.hotspot.jre.full.win32.x86_64_18.0.1.v20220515-1614\jre\bin\jli.dll
0x00007ffb263d0000 - 0x00007ffb263e9000 	C:\Users\lekan\.p2\pool\plugins\org.eclipse.justj.openjdk.hotspot.jre.full.win32.x86_64_18.0.1.v20220515-1614\jre\bin\VCRUNTIME140.dll
0x00007ffb4a570000 - 0x00007ffb4a71b000 	C:\WINDOWS\System32\USER32.dll
0x00007ffb24930000 - 0x00007ffb24bbe000 	C:\WINDOWS\WinSxS\amd64_microsoft.windows.common-controls_6595b64144ccf1df_6.0.22621.1635_none_270f70857386168e\COMCTL32.dll
0x00007ffb497d0000 - 0x00007ffb497f6000 	C:\WINDOWS\System32\win32u.dll
0x00007ffb4a820000 - 0x00007ffb4a8c7000 	C:\WINDOWS\System32\msvcrt.dll
0x00007ffb4bac0000 - 0x00007ffb4bae9000 	C:\WINDOWS\System32\GDI32.dll
0x00007ffb499a0000 - 0x00007ffb49ab8000 	C:\WINDOWS\System32\gdi32full.dll
0x00007ffb49ac0000 - 0x00007ffb49b5a000 	C:\WINDOWS\System32\msvcp_win.dll
0x00007ffb4b0d0000 - 0x00007ffb4b101000 	C:\WINDOWS\System32\IMM32.DLL
0x00007ffb41650000 - 0x00007ffb4165c000 	C:\Users\lekan\.p2\pool\plugins\org.eclipse.justj.openjdk.hotspot.jre.full.win32.x86_64_18.0.1.v20220515-1614\jre\bin\vcruntime140_1.dll
0x00007ffb1ca30000 - 0x00007ffb1cac1000 	C:\Users\lekan\.p2\pool\plugins\org.eclipse.justj.openjdk.hotspot.jre.full.win32.x86_64_18.0.1.v20220515-1614\jre\bin\msvcp140.dll
0x00007ffaafda0000 - 0x00007ffab0a29000 	C:\Users\lekan\.p2\pool\plugins\org.eclipse.justj.openjdk.hotspot.jre.full.win32.x86_64_18.0.1.v20220515-1614\jre\bin\server\jvm.dll
0x00007ffb4b590000 - 0x00007ffb4b63e000 	C:\WINDOWS\System32\ADVAPI32.dll
0x00007ffb4a2e0000 - 0x00007ffb4a384000 	C:\WINDOWS\System32\sechost.dll
0x00007ffb4b850000 - 0x00007ffb4b967000 	C:\WINDOWS\System32\RPCRT4.dll
0x00007ffb4a120000 - 0x00007ffb4a128000 	C:\WINDOWS\System32\PSAPI.DLL
0x00007ffb2c6a0000 - 0x00007ffb2c6a9000 	C:\WINDOWS\SYSTEM32\WSOCK32.dll
0x00007ffb4ba00000 - 0x00007ffb4ba71000 	C:\WINDOWS\System32\WS2_32.dll
0x00007ffb481d0000 - 0x00007ffb481da000 	C:\WINDOWS\SYSTEM32\VERSION.dll
0x00007ffb44310000 - 0x00007ffb44344000 	C:\WINDOWS\SYSTEM32\WINMM.dll
0x00007ffb48540000 - 0x00007ffb48558000 	C:\WINDOWS\SYSTEM32\kernel.appcore.dll
0x00007ffb415f0000 - 0x00007ffb415fa000 	C:\Users\lekan\.p2\pool\plugins\org.eclipse.justj.openjdk.hotspot.jre.full.win32.x86_64_18.0.1.v20220515-1614\jre\bin\jimage.dll
0x00007ffb46c70000 - 0x00007ffb46e9e000 	C:\WINDOWS\SYSTEM32\DBGHELP.DLL
0x00007ffb4bd40000 - 0x00007ffb4c0c9000 	C:\WINDOWS\System32\combase.dll
0x00007ffb4a390000 - 0x00007ffb4a467000 	C:\WINDOWS\System32\OLEAUT32.dll
0x00007ffb442d0000 - 0x00007ffb44302000 	C:\WINDOWS\SYSTEM32\dbgcore.DLL
0x00007ffb49800000 - 0x00007ffb4987b000 	C:\WINDOWS\System32\bcryptPrimitives.dll
0x00007ffb222d0000 - 0x00007ffb2230b000 	C:\Users\lekan\.p2\pool\plugins\org.eclipse.justj.openjdk.hotspot.jre.full.win32.x86_64_18.0.1.v20220515-1614\jre\bin\jdwp.dll
0x00007ffb30c10000 - 0x00007ffb30c1e000 	C:\Users\lekan\.p2\pool\plugins\org.eclipse.justj.openjdk.hotspot.jre.full.win32.x86_64_18.0.1.v20220515-1614\jre\bin\instrument.dll
0x00007ffb3a990000 - 0x00007ffb3a9b5000 	C:\Users\lekan\.p2\pool\plugins\org.eclipse.justj.openjdk.hotspot.jre.full.win32.x86_64_18.0.1.v20220515-1614\jre\bin\java.dll
0x00007ffb3f7f0000 - 0x00007ffb3f808000 	C:\Users\lekan\.p2\pool\plugins\org.eclipse.justj.openjdk.hotspot.jre.full.win32.x86_64_18.0.1.v20220515-1614\jre\bin\zip.dll
0x00007ffb4a8d0000 - 0x00007ffb4b0ca000 	C:\WINDOWS\System32\SHELL32.dll
0x00007ffb472e0000 - 0x00007ffb47bae000 	C:\WINDOWS\SYSTEM32\windows.storage.dll
0x00007ffb471a0000 - 0x00007ffb472de000 	C:\WINDOWS\SYSTEM32\wintypes.dll
0x00007ffb4a470000 - 0x00007ffb4a561000 	C:\WINDOWS\System32\SHCORE.dll
0x00007ffb4b650000 - 0x00007ffb4b6ae000 	C:\WINDOWS\System32\shlwapi.dll
0x00007ffb49460000 - 0x00007ffb49481000 	C:\WINDOWS\SYSTEM32\profapi.dll
0x00007ffb303d0000 - 0x00007ffb303dc000 	C:\Users\lekan\.p2\pool\plugins\org.eclipse.justj.openjdk.hotspot.jre.full.win32.x86_64_18.0.1.v20220515-1614\jre\bin\dt_socket.dll
0x00007ffb47e00000 - 0x00007ffb47e2d000 	C:\WINDOWS\SYSTEM32\IPHLPAPI.DLL
0x00007ffb489a0000 - 0x00007ffb48a09000 	C:\WINDOWS\system32\mswsock.dll
0x00007ffb47e30000 - 0x00007ffb47f23000 	C:\WINDOWS\SYSTEM32\DNSAPI.dll
0x00007ffb4b640000 - 0x00007ffb4b649000 	C:\WINDOWS\System32\NSI.dll
0x00007ffb3f490000 - 0x00007ffb3f49a000 	C:\Windows\System32\rasadhlp.dll
0x00007ffb3bee0000 - 0x00007ffb3bf64000 	C:\WINDOWS\System32\fwpuclnt.dll
0x00007ffb30520000 - 0x00007ffb30533000 	C:\Users\lekan\.p2\pool\plugins\org.eclipse.justj.openjdk.hotspot.jre.full.win32.x86_64_18.0.1.v20220515-1614\jre\bin\net.dll
0x00007ffb3f300000 - 0x00007ffb3f437000 	C:\WINDOWS\SYSTEM32\WINHTTP.dll
0x00007ffb30210000 - 0x00007ffb30226000 	C:\Users\lekan\.p2\pool\plugins\org.eclipse.justj.openjdk.hotspot.jre.full.win32.x86_64_18.0.1.v20220515-1614\jre\bin\nio.dll
0x00007ffb3aec0000 - 0x00007ffb3aed0000 	C:\Users\lekan\.p2\pool\plugins\org.eclipse.justj.openjdk.hotspot.jre.full.win32.x86_64_18.0.1.v20220515-1614\jre\bin\verify.dll

dbghelp: loaded successfully - version: 4.0.5 - missing functions: none
symbol engine: initialized successfully - sym options: 0x614 - pdb path: .;C:\Users\lekan\.p2\pool\plugins\org.eclipse.justj.openjdk.hotspot.jre.full.win32.x86_64_18.0.1.v20220515-1614\jre\bin;C:\WINDOWS\SYSTEM32;C:\WINDOWS\WinSxS\amd64_microsoft.windows.common-controls_6595b64144ccf1df_6.0.22621.1635_none_270f70857386168e;C:\Users\lekan\.p2\pool\plugins\org.eclipse.justj.openjdk.hotspot.jre.full.win32.x86_64_18.0.1.v20220515-1614\jre\bin\server

VM Arguments:
jvm_args: -XX:+ShowCodeDetailsInExceptionMessages -agentlib:jdwp=transport=dt_socket,suspend=y,address=localhost:56048 -javaagent:C:\Users\lekan\eclipse\java-2022-03\eclipse\configuration\org.eclipse.osgi\225\0\.cp\lib\javaagent-shaded.jar -Dfile.encoding=UTF-8 
java_command: myDS.myMaps.UsingMap
java_class_path (initial): C:\Users\lekan\eclipse-228-workspace\ClassAlgorithms\bin;C:\Users\lekan\eclipse-228-workspace\ClassAlgorithms\polyline_plotter.jar
Launcher Type: SUN_STANDARD

[Global flags]
     intx CICompilerCount                          = 4                                         {product} {ergonomic}
     uint ConcGCThreads                            = 2                                         {product} {ergonomic}
     uint G1ConcRefinementThreads                  = 8                                         {product} {ergonomic}
   size_t G1HeapRegionSize                         = 2097152                                   {product} {ergonomic}
    uintx GCDrainStackTargetSize                   = 64                                        {product} {ergonomic}
   size_t InitialHeapSize                          = 264241152                                 {product} {ergonomic}
   size_t MarkStackSize                            = 4194304                                   {product} {ergonomic}
   size_t MaxHeapSize                              = 4223664128                                {product} {ergonomic}
   size_t MaxNewSize                               = 2533359616                                {product} {ergonomic}
   size_t MinHeapDeltaBytes                        = 2097152                                   {product} {ergonomic}
   size_t MinHeapSize                              = 8388608                                   {product} {ergonomic}
    uintx NonNMethodCodeHeapSize                   = 5839372                                {pd product} {ergonomic}
    uintx NonProfiledCodeHeapSize                  = 122909434                              {pd product} {ergonomic}
    uintx ProfiledCodeHeapSize                     = 122909434                              {pd product} {ergonomic}
    uintx ReservedCodeCacheSize                    = 251658240                              {pd product} {ergonomic}
     bool SegmentedCodeCache                       = true                                      {product} {ergonomic}
     bool ShowCodeDetailsInExceptionMessages       = true                                   {manageable} {command line}
   size_t SoftMaxHeapSize                          = 4223664128                             {manageable} {ergonomic}
     bool UseCompressedClassPointers               = true                           {product lp64_product} {ergonomic}
     bool UseCompressedOops                        = true                           {product lp64_product} {ergonomic}
     bool UseG1GC                                  = true                                      {product} {ergonomic}
     bool UseLargePagesIndividualAllocation        = false                                  {pd product} {ergonomic}

Logging:
Log output configuration:
 #0: stdout all=warning uptime,level,tags foldmultilines=false
 #1: stderr all=off uptime,level,tags foldmultilines=false

Environment Variables:
PATH=C:\Users\lekan\.p2\pool\plugins\org.eclipse.justj.openjdk.hotspot.jre.full.win32.x86_64_18.0.1.v20220515-1614\jre\bin;C:/Users/lekan/.p2/pool/plugins/org.eclipse.justj.openjdk.hotspot.jre.full.win32.x86_64_18.0.1.v20220515-1614/jre/bin/server;C:/Users/lekan/.p2/pool/plugins/org.eclipse.justj.openjdk.hotspot.jre.full.win32.x86_64_18.0.1.v20220515-1614/jre/bin;C:\Users\lekan\AppData\Local\Programs\Python\Python311\Scripts;C:\Program Files\Eclipse Adoptium\jdk-11.0.16.101-hotspot\bin;C:\Program Files\Common Files\Oracle\Java\javapath;C:\WINDOWS\system32;C:\WINDOWS;C:\WINDOWS\System32\Wbem;C:\WINDOWS\System32\WindowsPowerShell\v1.0\;C:\WINDOWS\System32\OpenSSH\;C:\Program Files (x86)\dotnet\;C:\Program Files (x86)\Git\cmd;C:\Program Files\nodejs\;C:\ProgramData\chocolatey\bin;C:\Program Files (x86)\Vim\vim90;C:\TDM-GCC-64\bin;C:\HashiCorp\Vagrant\bin;C:\Program Files\Docker\Docker\resources\bin;C:\Program Files\MySQL\MySQL Shell 8.0\bin\;C:\Users\lekan\AppData\Local\Microsoft\WindowsApps;C:\Users\lekan\AppData\Local\Programs\Microsoft VS Code\bin;C:\Program Files (x86)\heroku\bin;C:\MinGW\bin;c:\Program Files\Java\jdk-18.0.2\bin;c:\Program Files\Android\Android Studio\bin;C:\Program Files\JetBrains\IntelliJ IDEA 2022.2\bin;;C:\ProgramData\lekan\GitHubDesktop\bin;C:\Users\lekan\AppData\Local\GitHubDesktop\bin;C:\Users\lekan\AppData\Roaming\npm;C:\TDM-GCC-64\bin;C:\curl-7.88.1_2-win64-mingw\bin;C:\Program Files\MySQL\MySQL Server 8.0\bin\;;C:\Users\lekan\OneDrive\Desktop;
USERNAME=lekan
OS=Windows_NT
PROCESSOR_IDENTIFIER=Intel64 Family 6 Model 140 Stepping 1, GenuineIntel



---------------  S Y S T E M  ---------------

OS:
 Windows 11 , 64 bit Build 22621 (10.0.22621.1635)
OS uptime: 2 days 10:37 hours
Hyper-V role detected

CPU: total 8 (initial active 8) (4 cores per cpu, 2 threads per core) family 6 model 140 stepping 1 microcode 0xa4, cx8, cmov, fxsr, ht, mmx, 3dnowpref, sse, sse2, sse3, ssse3, sse4.1, sse4.2, popcnt, lzcnt, tsc, tscinvbit, avx, avx2, aes, erms, clmul, bmi1, bmi2, adx, avx512f, avx512dq, avx512cd, avx512bw, avx512vl, sha, fma, vzeroupper, avx512_vpopcntdq, avx512_vpclmulqdq, avx512_vaes, avx512_vnni, clflush, clflushopt, clwb, avx512_vbmi2, avx512_vbmi, hv

Memory: 4k page, system-wide physical 16106M (2655M free)
TotalPageFile size 57066M (AvailPageFile size 25355M)
current process WorkingSet (physical memory assigned to process): 51M, peak: 53M
current process commit charge ("private bytes"): 342M, peak: 344M

vm_info: OpenJDK 64-Bit Server VM (18.0.1+10) for windows-amd64 JRE (18.0.1+10), built on Apr 20 2022 05:04:48 by "" with MS VC++ 16.7 (VS2019)

END.
